This is a simple program to interact with Dev Page Fault Driver
   0:: PID =     2197 Page Fault at Address 0x98d2000 at Time 596708500
   1:: PID =     2197 Page Fault at Address 0x98d3000 at Time 596708500
   2:: PID =     2197 Page Fault at Address 0x98d4000 at Time 596708500
   3:: PID =     2197 Page Fault at Address 0x98d5000 at Time 596708500
   4:: PID =     2197 Page Fault at Address 0x98d6000 at Time 596708500
   5:: PID =     2197 Page Fault at Address 0x98d7000 at Time 596708500
   6:: PID =     2197 Page Fault at Address 0x98d8000 at Time 596708500
   7:: PID =     2197 Page Fault at Address 0x98d9000 at Time 596708500
   8:: PID =     2197 Page Fault at Address 0x98da000 at Time 596708500
   9:: PID =     2197 Page Fault at Address 0x98db000 at Time 596708500
  10:: PID =     2197 Page Fault at Address 0x98dc000 at Time 596708500
  11:: PID =     2197 Page Fault at Address 0x98dd000 at Time 596708500
  12:: PID =     2197 Page Fault at Address 0x98de000 at Time 596708500
  13:: PID =     2197 Page Fault at Address 0x98df000 at Time 596708500
  14:: PID =     2197 Page Fault at Address 0x98e0000 at Time 596708500
  15:: PID =     2197 Page Fault at Address 0x98e1000 at Time 596708500
  16:: PID =     2197 Page Fault at Address 0x98e2000 at Time 596708500
  17:: PID =     2197 Page Fault at Address 0x98e3000 at Time 596708500
  18:: PID =     2197 Page Fault at Address 0x98e4000 at Time 596708500
  19:: PID =     2197 Page Fault at Address 0x98e5000 at Time 596708500
  20:: PID =     2197 Page Fault at Address 0x98e6000 at Time 596708500
  21:: PID =     2197 Page Fault at Address 0x98e7000 at Time 596708500
  22:: PID =     2197 Page Fault at Address 0x98e8000 at Time 596708500
  23:: PID =     2197 Page Fault at Address 0x98e9000 at Time 596708500
  24:: PID =     2197 Page Fault at Address 0x98ea000 at Time 596708500
  25:: PID =     2197 Page Fault at Address 0x98eb000 at Time 596708500
  26:: PID =     2197 Page Fault at Address 0x98ec000 at Time 596708500
  27:: PID =     2197 Page Fault at Address 0x98ed000 at Time 596708500
  28:: PID =     2197 Page Fault at Address 0x98ee000 at Time 596708500
  29:: PID =     2197 Page Fault at Address 0x98ef000 at Time 596708500
  30:: PID =     2197 Page Fault at Address 0x98f0000 at Time 596708500
  31:: PID =     2197 Page Fault at Address 0x98f1000 at Time 596708500
  32:: PID =     2197 Page Fault at Address 0x98f2000 at Time 596708500
  33:: PID =     2197 Page Fault at Address 0x98f3000 at Time 596708500
  34:: PID =     2197 Page Fault at Address 0x98f4000 at Time 596708500
  35:: PID =     2197 Page Fault at Address 0x98f5000 at Time 596708500
  36:: PID =     2197 Page Fault at Address 0x98f6000 at Time 596708500
  37:: PID =     2197 Page Fault at Address 0x98f7000 at Time 596708500
  38:: PID =     2197 Page Fault at Address 0x98f8000 at Time 596708500
  39:: PID =     2197 Page Fault at Address 0x98f9000 at Time 596708500
  40:: PID =     2197 Page Fault at Address 0x98fa000 at Time 596708500
  41:: PID =     2197 Page Fault at Address 0x98fb000 at Time 596708500
  42:: PID =     2197 Page Fault at Address 0x98fc000 at Time 596708500
  43:: PID =     2197 Page Fault at Address 0x98fd000 at Time 596708500
  44:: PID =     2197 Page Fault at Address 0x98fe000 at Time 596708500
  45:: PID =     2197 Page Fault at Address 0x98ff000 at Time 596708500
  46:: PID =     2197 Page Fault at Address 0x9900000 at Time 596708500
  47:: PID =     2197 Page Fault at Address 0x9901000 at Time 596708500
  48:: PID =     2197 Page Fault at Address 0x9902000 at Time 596708500
  49:: PID =     2197 Page Fault at Address 0x9903000 at Time 596708500
  50:: PID =     2197 Page Fault at Address 0x9904000 at Time 596708500
  51:: PID =     2197 Page Fault at Address 0x9905000 at Time 596708500
  52:: PID =     2197 Page Fault at Address 0x9906000 at Time 596708500
  53:: PID =     2197 Page Fault at Address 0x9907000 at Time 596708500
  54:: PID =     2197 Page Fault at Address 0x9908000 at Time 596708500
  55:: PID =     2197 Page Fault at Address 0x9909000 at Time 596708500
  56:: PID =     2197 Page Fault at Address 0x990a000 at Time 596708500
  57:: PID =     2197 Page Fault at Address 0x990b000 at Time 596708500
  58:: PID =     2197 Page Fault at Address 0x990c000 at Time 596708500
  59:: PID =     2197 Page Fault at Address 0x990d000 at Time 596708500
  60:: PID =     2197 Page Fault at Address 0x990e000 at Time 596708500
  61:: PID =     2197 Page Fault at Address 0x990f000 at Time 596708500
  62:: PID =     2197 Page Fault at Address 0x9910000 at Time 596708500
  63:: PID =     2197 Page Fault at Address 0x9911000 at Time 596708500
  64:: PID =     2197 Page Fault at Address 0x9912000 at Time 596708500
  65:: PID =     2197 Page Fault at Address 0x9913000 at Time 596708500
  66:: PID =     2197 Page Fault at Address 0x9914000 at Time 596708500
  67:: PID =     2197 Page Fault at Address 0x9915000 at Time 596708500
  68:: PID =     2197 Page Fault at Address 0x9916000 at Time 596708500
  69:: PID =     2197 Page Fault at Address 0x9917000 at Time 596708500
  70:: PID =     2197 Page Fault at Address 0x9918000 at Time 596708500
  71:: PID =     2197 Page Fault at Address 0x9919000 at Time 596708500
  72:: PID =     2197 Page Fault at Address 0x991a000 at Time 596708500
  73:: PID =     2197 Page Fault at Address 0x991b000 at Time 596708500
  74:: PID =     2197 Page Fault at Address 0x991c000 at Time 596708500
  75:: PID =     2197 Page Fault at Address 0x991d000 at Time 596708500
  76:: PID =     2197 Page Fault at Address 0x991e000 at Time 596708500
  77:: PID =     2197 Page Fault at Address 0x991f000 at Time 596708500
  78:: PID =     2197 Page Fault at Address 0x9920000 at Time 596708500
  79:: PID =     2197 Page Fault at Address 0x9921000 at Time 596708500
  80:: PID =     2197 Page Fault at Address 0x9922000 at Time 596708500
  81:: PID =     2197 Page Fault at Address 0x9923000 at Time 596708500
  82:: PID =     2197 Page Fault at Address 0x9924000 at Time 596708500
  83:: PID =     2197 Page Fault at Address 0x9925000 at Time 596708500
  84:: PID =     2197 Page Fault at Address 0x9926000 at Time 596708500
  85:: PID =     2197 Page Fault at Address 0x9927000 at Time 596708500
  86:: PID =     2197 Page Fault at Address 0x9928000 at Time 596708500
  87:: PID =     2197 Page Fault at Address 0x9929000 at Time 596708500
  88:: PID =     2197 Page Fault at Address 0x992a000 at Time 596708500
  89:: PID =     2197 Page Fault at Address 0x992b000 at Time 596708500
  90:: PID =     2197 Page Fault at Address 0x992c000 at Time 596708500
  91:: PID =     2197 Page Fault at Address 0x992d000 at Time 596708500
  92:: PID =     2197 Page Fault at Address 0x992e000 at Time 596708500
  93:: PID =     2197 Page Fault at Address 0x992f000 at Time 596708500
  94:: PID =     2197 Page Fault at Address 0x9930000 at Time 596708500
  95:: PID =     2197 Page Fault at Address 0x9931000 at Time 596708500
  96:: PID =     2197 Page Fault at Address 0x9932000 at Time 596708500
  97:: PID =     2197 Page Fault at Address 0x9933000 at Time 596708500
  98:: PID =     2197 Page Fault at Address 0x9934000 at Time 596708500
  99:: PID =     2197 Page Fault at Address 0x9935000 at Time 596708500
 100:: PID =     2197 Page Fault at Address 0x9936000 at Time 596708500
 101:: PID =     2197 Page Fault at Address 0x9937000 at Time 596708500
 102:: PID =     2197 Page Fault at Address 0x9938000 at Time 596708500
 103:: PID =     2197 Page Fault at Address 0x9939000 at Time 596708500
 104:: PID =     2197 Page Fault at Address 0x993a000 at Time 596708500
 105:: PID =     2197 Page Fault at Address 0x993b000 at Time 596708500
 106:: PID =     2197 Page Fault at Address 0x993c000 at Time 596708500
 107:: PID =     2197 Page Fault at Address 0x993d000 at Time 596708500
 108:: PID =     2197 Page Fault at Address 0x993e000 at Time 596708500
 109:: PID =     2197 Page Fault at Address 0x993f000 at Time 596708500
 110:: PID =     2197 Page Fault at Address 0x9940000 at Time 596708500
 111:: PID =     2197 Page Fault at Address 0x9941000 at Time 596708500
 112:: PID =     2197 Page Fault at Address 0x9942000 at Time 596708500
 113:: PID =     2197 Page Fault at Address 0x9943000 at Time 596708500
 114:: PID =     2197 Page Fault at Address 0x9944000 at Time 596708500
 115:: PID =     2197 Page Fault at Address 0x9945000 at Time 596708500
 116:: PID =     2197 Page Fault at Address 0x9946000 at Time 596708500
 117:: PID =     2197 Page Fault at Address 0x9947000 at Time 596708500
 118:: PID =     2197 Page Fault at Address 0x9948000 at Time 596708500
 119:: PID =     2197 Page Fault at Address 0x9949000 at Time 596708500
 120:: PID =     2197 Page Fault at Address 0x994a000 at Time 596708500
 121:: PID =     2197 Page Fault at Address 0x994b000 at Time 596708500
 122:: PID =     2197 Page Fault at Address 0x994c000 at Time 596708500
 123:: PID =     2197 Page Fault at Address 0x994d000 at Time 596708500
 124:: PID =     2197 Page Fault at Address 0x994e000 at Time 596708500
 125:: PID =     2197 Page Fault at Address 0x994f000 at Time 596708500
 126:: PID =     2197 Page Fault at Address 0x9950000 at Time 596708500
 127:: PID =     2197 Page Fault at Address 0x9951000 at Time 596708500
 128:: PID =     2197 Page Fault at Address 0x9952000 at Time 596708500
 129:: PID =     2197 Page Fault at Address 0x9953000 at Time 596708500
 130:: PID =     2197 Page Fault at Address 0x9954000 at Time 596708500
 131:: PID =     2197 Page Fault at Address 0x9955000 at Time 596708500
 132:: PID =     2197 Page Fault at Address 0x9956000 at Time 596708500
 133:: PID =     2197 Page Fault at Address 0x9957000 at Time 596708500
 134:: PID =     2197 Page Fault at Address 0x9958000 at Time 596708500
 135:: PID =     2197 Page Fault at Address 0x9959000 at Time 596708500
 136:: PID =     2197 Page Fault at Address 0x995a000 at Time 596708500
 137:: PID =     2197 Page Fault at Address 0x995b000 at Time 596708500
 138:: PID =     2197 Page Fault at Address 0x995c000 at Time 596708500
 139:: PID =     2197 Page Fault at Address 0x995d000 at Time 596708500
 140:: PID =     2197 Page Fault at Address 0x995e000 at Time 596708500
 141:: PID =     2197 Page Fault at Address 0x995f000 at Time 596708500
 142:: PID =     2197 Page Fault at Address 0x9960000 at Time 596708500
 143:: PID =     2197 Page Fault at Address 0x9961000 at Time 596708500
 144:: PID =     2197 Page Fault at Address 0x9962000 at Time 596708500
 145:: PID =     2197 Page Fault at Address 0x9963000 at Time 596708500
 146:: PID =     2197 Page Fault at Address 0x9964000 at Time 596708500
 147:: PID =     2197 Page Fault at Address 0x9965000 at Time 596708500
 148:: PID =     2197 Page Fault at Address 0x9966000 at Time 596708500
 149:: PID =     2197 Page Fault at Address 0x9967000 at Time 596708500
 150:: PID =     2197 Page Fault at Address 0x9968000 at Time 596708500
 151:: PID =     2197 Page Fault at Address 0x9969000 at Time 596708500
 152:: PID =     2197 Page Fault at Address 0x996a000 at Time 596708500
 153:: PID =     2197 Page Fault at Address 0x996b000 at Time 596708500
 154:: PID =     2197 Page Fault at Address 0x996c000 at Time 596708500
 155:: PID =     2197 Page Fault at Address 0x996d000 at Time 596708500
 156:: PID =     2197 Page Fault at Address 0x996e000 at Time 596708500
 157:: PID =     2197 Page Fault at Address 0x996f000 at Time 596708500
 158:: PID =     2197 Page Fault at Address 0x9970000 at Time 596708500
 159:: PID =     2197 Page Fault at Address 0x9971000 at Time 596708500
 160:: PID =     2197 Page Fault at Address 0x9972000 at Time 596708500
 161:: PID =     2197 Page Fault at Address 0x9973000 at Time 596708500
 162:: PID =     2197 Page Fault at Address 0x9974000 at Time 596708500
 163:: PID =     2197 Page Fault at Address 0x9975000 at Time 596708500
 164:: PID =     2197 Page Fault at Address 0x9976000 at Time 596708500
 165:: PID =     2197 Page Fault at Address 0x9977000 at Time 596708500
 166:: PID =     2197 Page Fault at Address 0x9978000 at Time 596708500
 167:: PID =     2197 Page Fault at Address 0x9979000 at Time 596708500
 168:: PID =     2197 Page Fault at Address 0x997a000 at Time 596708500
 169:: PID =     2197 Page Fault at Address 0x997b000 at Time 596708500
 170:: PID =     2197 Page Fault at Address 0x997c000 at Time 596708500
 171:: PID =     2197 Page Fault at Address 0x997d000 at Time 596708500
 172:: PID =     2197 Page Fault at Address 0x997e000 at Time 596708500
 173:: PID =     2197 Page Fault at Address 0x997f000 at Time 596708500
 174:: PID =     2197 Page Fault at Address 0x9980000 at Time 596708500
 175:: PID =     2197 Page Fault at Address 0x9981000 at Time 596708500
 176:: PID =     2197 Page Fault at Address 0x9982000 at Time 596708500
 177:: PID =     2197 Page Fault at Address 0x9983000 at Time 596708500
 178:: PID =     2197 Page Fault at Address 0x9984000 at Time 596708500
 179:: PID =     2197 Page Fault at Address 0x9985000 at Time 596708500
 180:: PID =     2197 Page Fault at Address 0x9986000 at Time 596708500
 181:: PID =     2197 Page Fault at Address 0x9987000 at Time 596708500
 182:: PID =     2197 Page Fault at Address 0x9988000 at Time 596708500
 183:: PID =     2197 Page Fault at Address 0x9989000 at Time 596708500
 184:: PID =     2197 Page Fault at Address 0x998a000 at Time 596708500
 185:: PID =     2197 Page Fault at Address 0x998b000 at Time 596708500
 186:: PID =     2197 Page Fault at Address 0x998c000 at Time 596708500
 187:: PID =     2197 Page Fault at Address 0x998d000 at Time 596708500
 188:: PID =     2197 Page Fault at Address 0x998e000 at Time 596708500
 189:: PID =     2197 Page Fault at Address 0x998f000 at Time 596708500
 190:: PID =     2197 Page Fault at Address 0x9990000 at Time 596708500
 191:: PID =     2197 Page Fault at Address 0x9991000 at Time 596708500
 192:: PID =     2197 Page Fault at Address 0x9992000 at Time 596708500
 193:: PID =     2197 Page Fault at Address 0x9993000 at Time 596708500
 194:: PID =     2197 Page Fault at Address 0x9994000 at Time 596708500
 195:: PID =     2197 Page Fault at Address 0x9995000 at Time 596708500
 196:: PID =     2197 Page Fault at Address 0x9996000 at Time 596708500
 197:: PID =     2197 Page Fault at Address 0x9997000 at Time 596708500
 198:: PID =     2197 Page Fault at Address 0x9998000 at Time 596708500
 199:: PID =     2197 Page Fault at Address 0x9999000 at Time 596708500
 200:: PID =     2197 Page Fault at Address 0x999a000 at Time 596708500
 201:: PID =     2197 Page Fault at Address 0x999b000 at Time 596708500
 202:: PID =     2197 Page Fault at Address 0x999c000 at Time 596708500
 203:: PID =     2197 Page Fault at Address 0x999d000 at Time 596708500
 204:: PID =     2197 Page Fault at Address 0x999e000 at Time 596708500
 205:: PID =     2197 Page Fault at Address 0x999f000 at Time 596708500
 206:: PID =     2197 Page Fault at Address 0x99a0000 at Time 596708500
 207:: PID =     2197 Page Fault at Address 0x99a1000 at Time 596708500
 208:: PID =     2197 Page Fault at Address 0x99a2000 at Time 596708500
 209:: PID =     2197 Page Fault at Address 0x99a3000 at Time 596708500
 210:: PID =     2197 Page Fault at Address 0x99a4000 at Time 596708500
 211:: PID =     2197 Page Fault at Address 0x99a5000 at Time 596708500
 212:: PID =     2197 Page Fault at Address 0x99a6000 at Time 596708500
 213:: PID =     2197 Page Fault at Address 0x99a7000 at Time 596708500
 214:: PID =     2197 Page Fault at Address 0x99a8000 at Time 596708500
 215:: PID =     2197 Page Fault at Address 0x99a9000 at Time 596708500
 216:: PID =     2197 Page Fault at Address 0x99aa000 at Time 596708500
 217:: PID =     2197 Page Fault at Address 0x99ab000 at Time 596708500
 218:: PID =     2197 Page Fault at Address 0x99ac000 at Time 596708500
 219:: PID =     2197 Page Fault at Address 0x99ad000 at Time 596708500
 220:: PID =     2197 Page Fault at Address 0x99ae000 at Time 596708500
 221:: PID =     2197 Page Fault at Address 0x99af000 at Time 596708500
 222:: PID =     2197 Page Fault at Address 0x99b0000 at Time 596708500
 223:: PID =     2197 Page Fault at Address 0x99b1000 at Time 596708500
 224:: PID =     2197 Page Fault at Address 0x99b2000 at Time 596708500
 225:: PID =     2197 Page Fault at Address 0x99b3000 at Time 596708500
 226:: PID =     2197 Page Fault at Address 0x99b4000 at Time 596708500
 227:: PID =     2197 Page Fault at Address 0x99b5000 at Time 596708500
 228:: PID =     2197 Page Fault at Address 0x99b6000 at Time 596708500
 229:: PID =     2197 Page Fault at Address 0x99b7000 at Time 596708500
 230:: PID =     2197 Page Fault at Address 0x99b8000 at Time 596708500
 231:: PID =     2197 Page Fault at Address 0x99b9000 at Time 596708500
 232:: PID =     2197 Page Fault at Address 0x99ba000 at Time 596708500
 233:: PID =     2197 Page Fault at Address 0x99bb000 at Time 596708500
 234:: PID =     2197 Page Fault at Address 0x99bc000 at Time 596708500
 235:: PID =     2197 Page Fault at Address 0x99bd000 at Time 596708500
 236:: PID =     2197 Page Fault at Address 0x99be000 at Time 596708500
 237:: PID =     2197 Page Fault at Address 0x99bf000 at Time 596708500
 238:: PID =     2197 Page Fault at Address 0x99c0000 at Time 596708500
 239:: PID =     2197 Page Fault at Address 0x99c1000 at Time 596708500
 240:: PID =     2197 Page Fault at Address 0x99c2000 at Time 596708500
 241:: PID =     2197 Page Fault at Address 0x99c3000 at Time 596708500
 242:: PID =     2197 Page Fault at Address 0x99c4000 at Time 596708500
 243:: PID =     2197 Page Fault at Address 0x99c5000 at Time 596708500
 244:: PID =     2197 Page Fault at Address 0x99c6000 at Time 596708500
 245:: PID =     2197 Page Fault at Address 0x99c7000 at Time 596708500
 246:: PID =     2197 Page Fault at Address 0x99c8000 at Time 596708500
 247:: PID =     2197 Page Fault at Address 0x99c9000 at Time 596708500
 248:: PID =     2197 Page Fault at Address 0x99ca000 at Time 596708500
 249:: PID =     2197 Page Fault at Address 0x99cb000 at Time 596708500
 250:: PID =     2197 Page Fault at Address 0x99cc000 at Time 596708500
 251:: PID =     2197 Page Fault at Address 0x99cd000 at Time 596708500
 252:: PID =     2197 Page Fault at Address 0x99ce000 at Time 596708500
 253:: PID =     2197 Page Fault at Address 0x99cf000 at Time 596708500
 254:: PID =     2197 Page Fault at Address 0x99d0000 at Time 596708500
 255:: PID =     2197 Page Fault at Address 0x99d1000 at Time 596708500
 256:: PID =     2197 Page Fault at Address 0x99d2000 at Time 596708500
 257:: PID =     2197 Page Fault at Address 0x99d3000 at Time 596708500
 258:: PID =     2197 Page Fault at Address 0x99d4000 at Time 596708500
 259:: PID =     2197 Page Fault at Address 0x99d5000 at Time 596708500
 260:: PID =     2197 Page Fault at Address 0x99d6000 at Time 596708500
 261:: PID =     2197 Page Fault at Address 0x99d7000 at Time 596708500
 262:: PID =     2197 Page Fault at Address 0x99d8000 at Time 596708500
 263:: PID =     2197 Page Fault at Address 0x99d9000 at Time 596708500
 264:: PID =     2197 Page Fault at Address 0x99da000 at Time 596708500
 265:: PID =     2197 Page Fault at Address 0x99db000 at Time 596708500
 266:: PID =     2197 Page Fault at Address 0x99dc000 at Time 596708500
 267:: PID =     2197 Page Fault at Address 0x99dd000 at Time 596708500
 268:: PID =     2197 Page Fault at Address 0x99de000 at Time 596708500
 269:: PID =     2197 Page Fault at Address 0x99df000 at Time 596708500
 270:: PID =     2197 Page Fault at Address 0x1727e80 at Time 477091220
 271:: PID =     2197 Page Fault at Address 0x1728000 at Time 477091220
 272:: PID =     2197 Page Fault at Address 0x1729080 at Time 477091220
 273:: PID =     2197 Page Fault at Address 0x1736ac0 at Time 789101204
 274:: PID =     2197 Page Fault at Address 0x97f2000 at Time 768681635
 275:: PID =     2197 Page Fault at Address 0x97f3000 at Time 768681635
 276:: PID =     2197 Page Fault at Address 0x97f4000 at Time 768681635
 277:: PID =     2197 Page Fault at Address 0x97f5000 at Time 768681635
 278:: PID =     2197 Page Fault at Address 0x97f6000 at Time 768681635
 279:: PID =     2197 Page Fault at Address 0x97f7000 at Time 768681635
 280:: PID =     2197 Page Fault at Address 0x97f8000 at Time 768681635
 281:: PID =     2197 Page Fault at Address 0x97f9000 at Time 768681635
 282:: PID =     2197 Page Fault at Address 0x97fa000 at Time 768681635
 283:: PID =     2197 Page Fault at Address 0x97fb000 at Time 768681635
 284:: PID =     2197 Page Fault at Address 0x97fc000 at Time 768681635
 285:: PID =     2197 Page Fault at Address 0x97fd000 at Time 768681635
 286:: PID =     2197 Page Fault at Address 0x97fe000 at Time 768681635
 287:: PID =     2197 Page Fault at Address 0x97ff000 at Time 768681635
 288:: PID =     2197 Page Fault at Address 0x9800000 at Time 768681635
 289:: PID =     2197 Page Fault at Address 0x9801000 at Time 768681635
 290:: PID =     2197 Page Fault at Address 0x9802000 at Time 768681635
 291:: PID =     2197 Page Fault at Address 0x9803000 at Time 768681635
 292:: PID =     2197 Page Fault at Address 0x9804000 at Time 768681635
 293:: PID =     2197 Page Fault at Address 0x9805000 at Time 768681635
 294:: PID =     2197 Page Fault at Address 0x9806000 at Time 768681635
 295:: PID =     2197 Page Fault at Address 0x9807000 at Time 768681635
 296:: PID =     2197 Page Fault at Address 0x9808000 at Time 768681635
 297:: PID =     2197 Page Fault at Address 0x9809000 at Time 768681635
 298:: PID =     2197 Page Fault at Address 0x980a000 at Time 768681635
 299:: PID =     2197 Page Fault at Address 0x980b000 at Time 768681635
 300:: PID =     2197 Page Fault at Address 0x980c000 at Time 768681635
 301:: PID =     2197 Page Fault at Address 0x980d000 at Time 768681635
 302:: PID =     2197 Page Fault at Address 0x980e000 at Time 768681635
 303:: PID =     2197 Page Fault at Address 0x980f000 at Time 768681635
 304:: PID =     2197 Page Fault at Address 0x9810000 at Time 768681635
 305:: PID =     2197 Page Fault at Address 0x9811000 at Time 768681635
 306:: PID =     2197 Page Fault at Address 0x9812000 at Time 768681635
 307:: PID =     2197 Page Fault at Address 0x9813000 at Time 768681635
 308:: PID =     2197 Page Fault at Address 0x9814000 at Time 768681635
 309:: PID =     2197 Page Fault at Address 0x9815000 at Time 768681635
 310:: PID =     2197 Page Fault at Address 0x9816000 at Time 768681635
 311:: PID =     2197 Page Fault at Address 0x9817000 at Time 768681635
 312:: PID =     2197 Page Fault at Address 0x9818000 at Time 768681635
 313:: PID =     2197 Page Fault at Address 0x9819000 at Time 768681635
 314:: PID =     2197 Page Fault at Address 0x981a000 at Time 768681635
 315:: PID =     2197 Page Fault at Address 0x981b000 at Time 768681635
 316:: PID =     2197 Page Fault at Address 0x981c000 at Time 768681635
 317:: PID =     2197 Page Fault at Address 0x981d000 at Time 768681635
 318:: PID =     2197 Page Fault at Address 0x981e000 at Time 768681635
 319:: PID =     2197 Page Fault at Address 0x981f000 at Time 768681635
 320:: PID =     2197 Page Fault at Address 0x9820000 at Time 768681635
 321:: PID =     2197 Page Fault at Address 0x9821000 at Time 768681635
 322:: PID =     2197 Page Fault at Address 0x9822000 at Time 768681635
 323:: PID =     2197 Page Fault at Address 0x9823000 at Time 768681635
 324:: PID =     2197 Page Fault at Address 0x9824000 at Time 768681635
 325:: PID =     2197 Page Fault at Address 0x9825000 at Time 768681635
 326:: PID =     2197 Page Fault at Address 0x9826000 at Time 768681635
 327:: PID =     2197 Page Fault at Address 0x9827000 at Time 768681635
 328:: PID =     2197 Page Fault at Address 0x9828000 at Time 768681635
 329:: PID =     2197 Page Fault at Address 0x9829000 at Time 768681635
 330:: PID =     2197 Page Fault at Address 0x982a000 at Time 768681635
 331:: PID =     2197 Page Fault at Address 0x982b000 at Time 768681635
 332:: PID =     2197 Page Fault at Address 0x982c000 at Time 768681635
 333:: PID =     2197 Page Fault at Address 0x982d000 at Time 768681635
 334:: PID =     2197 Page Fault at Address 0x982e000 at Time 768681635
 335:: PID =     2197 Page Fault at Address 0x982f000 at Time 768681635
 336:: PID =     2197 Page Fault at Address 0x9830000 at Time 768681635
 337:: PID =     2197 Page Fault at Address 0x9831000 at Time 768681635
 338:: PID =     2197 Page Fault at Address 0x9832000 at Time 768681635
 339:: PID =     2197 Page Fault at Address 0x9833000 at Time 768681635
 340:: PID =     2197 Page Fault at Address 0x9834000 at Time 768681635
 341:: PID =     2197 Page Fault at Address 0x9835000 at Time 768681635
 342:: PID =     2197 Page Fault at Address 0x9836000 at Time 768681635
 343:: PID =     2197 Page Fault at Address 0x9837000 at Time 768681635
 344:: PID =     2197 Page Fault at Address 0x9838000 at Time 768681635
 345:: PID =     2197 Page Fault at Address 0x9839000 at Time 768681635
 346:: PID =     2197 Page Fault at Address 0x983a000 at Time 768681635
 347:: PID =     2197 Page Fault at Address 0x983b000 at Time 768681635
 348:: PID =     2197 Page Fault at Address 0x983c000 at Time 768681635
 349:: PID =     2197 Page Fault at Address 0x983d000 at Time 768681635
 350:: PID =     2197 Page Fault at Address 0x983e000 at Time 768681635
 351:: PID =     2197 Page Fault at Address 0x983f000 at Time 768681635
 352:: PID =     2197 Page Fault at Address 0x9840000 at Time 768681635
 353:: PID =     2197 Page Fault at Address 0x9841000 at Time 768681635
 354:: PID =     2197 Page Fault at Address 0x9842000 at Time 768681635
 355:: PID =     2197 Page Fault at Address 0x9843000 at Time 768681635
 356:: PID =     2197 Page Fault at Address 0x9844000 at Time 768681635
 357:: PID =     2197 Page Fault at Address 0x9845000 at Time 768681635
 358:: PID =     2197 Page Fault at Address 0x9846000 at Time 768681635
 359:: PID =     2197 Page Fault at Address 0x9847000 at Time 768681635
 360:: PID =     2197 Page Fault at Address 0x9848000 at Time 768681635
 361:: PID =     2197 Page Fault at Address 0x9849000 at Time 768681635
 362:: PID =     2197 Page Fault at Address 0x984a000 at Time 768681635
 363:: PID =     2197 Page Fault at Address 0x984b000 at Time 768681635
 364:: PID =     2197 Page Fault at Address 0x984c000 at Time 768681635
 365:: PID =     2197 Page Fault at Address 0x984d000 at Time 768681635
 366:: PID =     2197 Page Fault at Address 0x984e000 at Time 768681635
 367:: PID =     2197 Page Fault at Address 0x984f000 at Time 768681635
 368:: PID =     2197 Page Fault at Address 0x9850000 at Time 768681635
 369:: PID =     2197 Page Fault at Address 0x9851000 at Time 768681635
 370:: PID =     2197 Page Fault at Address 0x9852000 at Time 768681635
 371:: PID =     2197 Page Fault at Address 0x9853000 at Time 768681635
 372:: PID =     2197 Page Fault at Address 0x9854000 at Time 768681635
 373:: PID =     2197 Page Fault at Address 0x9855000 at Time 768681635
 374:: PID =     2197 Page Fault at Address 0x9856000 at Time 768681635
 375:: PID =     2197 Page Fault at Address 0x9857000 at Time 768681635
 376:: PID =     2197 Page Fault at Address 0x9858000 at Time 768681635
 377:: PID =     2197 Page Fault at Address 0x9859000 at Time 768681635
 378:: PID =     2197 Page Fault at Address 0x985a000 at Time 768681635
 379:: PID =     2197 Page Fault at Address 0x985b000 at Time 768681635
 380:: PID =     2197 Page Fault at Address 0x985c000 at Time 768681635
 381:: PID =     2197 Page Fault at Address 0x985d000 at Time 768681635
 382:: PID =     2197 Page Fault at Address 0x985e000 at Time 768681635
 383:: PID =     2197 Page Fault at Address 0x985f000 at Time 768681635
 384:: PID =     2197 Page Fault at Address 0x9860000 at Time 768681635
 385:: PID =     2197 Page Fault at Address 0x9861000 at Time 768681635
 386:: PID =     2197 Page Fault at Address 0x9862000 at Time 768681635
 387:: PID =     2197 Page Fault at Address 0x9863000 at Time 768681635
 388:: PID =     2197 Page Fault at Address 0x9864000 at Time 768681635
 389:: PID =     2197 Page Fault at Address 0x9865000 at Time 768681635
 390:: PID =     2197 Page Fault at Address 0x9866000 at Time 768681635
 391:: PID =     2197 Page Fault at Address 0x9867000 at Time 768681635
 392:: PID =     2197 Page Fault at Address 0x9868000 at Time 768681635
 393:: PID =     2197 Page Fault at Address 0x9869000 at Time 768681635
 394:: PID =     2197 Page Fault at Address 0x986a000 at Time 768681635
 395:: PID =     2197 Page Fault at Address 0x986b000 at Time 768681635
 396:: PID =     2197 Page Fault at Address 0x986c000 at Time 768681635
 397:: PID =     2197 Page Fault at Address 0x986d000 at Time 768681635
 398:: PID =     2197 Page Fault at Address 0x986e000 at Time 768681635
 399:: PID =     2197 Page Fault at Address 0x986f000 at Time 768681635
 400:: PID =     2197 Page Fault at Address 0x9870000 at Time 768681635
 401:: PID =     2197 Page Fault at Address 0x9871000 at Time 768681635
 402:: PID =     2197 Page Fault at Address 0x9872000 at Time 768681635
 403:: PID =     2197 Page Fault at Address 0x9873000 at Time 768681635
 404:: PID =     2197 Page Fault at Address 0x9874000 at Time 768681635
 405:: PID =     2197 Page Fault at Address 0x9875000 at Time 768681635
 406:: PID =     2197 Page Fault at Address 0x9876000 at Time 768681635
 407:: PID =     2197 Page Fault at Address 0x9877000 at Time 768681635
 408:: PID =     2197 Page Fault at Address 0x9878000 at Time 768681635
 409:: PID =     2197 Page Fault at Address 0x9879000 at Time 768681635
 410:: PID =     2197 Page Fault at Address 0x987a000 at Time 768681635
 411:: PID =     2197 Page Fault at Address 0x987b000 at Time 768681635
 412:: PID =     2197 Page Fault at Address 0x987c000 at Time 768681635
 413:: PID =     2197 Page Fault at Address 0x987d000 at Time 768681635
 414:: PID =     2197 Page Fault at Address 0x987e000 at Time 768681635
 415:: PID =     2197 Page Fault at Address 0x987f000 at Time 768681635
 416:: PID =     2197 Page Fault at Address 0x9880000 at Time 768681635
 417:: PID =     2197 Page Fault at Address 0x9881000 at Time 768681635
 418:: PID =     2197 Page Fault at Address 0x9882000 at Time 768681635
 419:: PID =     2197 Page Fault at Address 0x9883000 at Time 768681635
 420:: PID =     2197 Page Fault at Address 0x9884000 at Time 768681635
 421:: PID =     2197 Page Fault at Address 0x9885000 at Time 768681635
 422:: PID =     2197 Page Fault at Address 0x9886000 at Time 768681635
 423:: PID =     2197 Page Fault at Address 0x9887000 at Time 768681635
 424:: PID =     2197 Page Fault at Address 0x9888000 at Time 768681635
 425:: PID =     2197 Page Fault at Address 0x9889000 at Time 768681635
 426:: PID =     2197 Page Fault at Address 0x988a000 at Time 768681635
 427:: PID =     2197 Page Fault at Address 0x988b000 at Time 768681635
 428:: PID =     2197 Page Fault at Address 0x988c000 at Time 768681635
 429:: PID =     2197 Page Fault at Address 0x988d000 at Time 768681635
 430:: PID =     2197 Page Fault at Address 0x988e000 at Time 768681635
 431:: PID =     2197 Page Fault at Address 0x988f000 at Time 768681635
 432:: PID =     2197 Page Fault at Address 0x9890000 at Time 768681635
 433:: PID =     2197 Page Fault at Address 0x9891000 at Time 768681635
 434:: PID =     2197 Page Fault at Address 0x9892000 at Time 768681635
 435:: PID =     2197 Page Fault at Address 0x9893000 at Time 768681635
 436:: PID =     2197 Page Fault at Address 0x9894000 at Time 768681635
 437:: PID =     2197 Page Fault at Address 0x9895000 at Time 768681635
 438:: PID =     2197 Page Fault at Address 0x9896000 at Time 768681635
 439:: PID =     2197 Page Fault at Address 0x9897000 at Time 768681635
 440:: PID =     2197 Page Fault at Address 0x9898000 at Time 768681635
 441:: PID =     2197 Page Fault at Address 0x9899000 at Time 768681635
 442:: PID =     2197 Page Fault at Address 0x989a000 at Time 772681765
 443:: PID =     2197 Page Fault at Address 0x989b000 at Time 772681765
 444:: PID =     2197 Page Fault at Address 0x989c000 at Time 772681765
 445:: PID =     2197 Page Fault at Address 0x989d000 at Time 772681765
 446:: PID =     2197 Page Fault at Address 0x989e000 at Time 772681765
 447:: PID =     2197 Page Fault at Address 0x989f000 at Time 772681765
 448:: PID =     2197 Page Fault at Address 0x98a0000 at Time 772681765
 449:: PID =     2197 Page Fault at Address 0x98a1000 at Time 772681765
 450:: PID =     2197 Page Fault at Address 0x98a2000 at Time 772681765
 451:: PID =     2197 Page Fault at Address 0x98a3000 at Time 772681765
 452:: PID =     2197 Page Fault at Address 0x98a4000 at Time 772681765
 453:: PID =     2197 Page Fault at Address 0x98a5000 at Time 772681765
 454:: PID =     2197 Page Fault at Address 0x98a6000 at Time 772681765
 455:: PID =     2197 Page Fault at Address 0x98a7000 at Time 772681765
 456:: PID =     2197 Page Fault at Address 0x98a8000 at Time 772681765
 457:: PID =     2197 Page Fault at Address 0x98a9000 at Time 772681765
 458:: PID =     2197 Page Fault at Address 0x98aa000 at Time 772681765
 459:: PID =     2197 Page Fault at Address 0x98ab000 at Time 772681765
 460:: PID =     2197 Page Fault at Address 0x98ac000 at Time 772681765
 461:: PID =     2197 Page Fault at Address 0x98ad000 at Time 772681765
 462:: PID =     2197 Page Fault at Address 0x98ae000 at Time 772681765
 463:: PID =     2197 Page Fault at Address 0x98af000 at Time 772681765
 464:: PID =     2197 Page Fault at Address 0x98b0000 at Time 772681765
 465:: PID =     2197 Page Fault at Address 0x98b1000 at Time 772681765
 466:: PID =     2197 Page Fault at Address 0x98b2000 at Time 772681765
 467:: PID =     2197 Page Fault at Address 0x98b3000 at Time 772681765
 468:: PID =     2197 Page Fault at Address 0x98b4000 at Time 772681765
 469:: PID =     2197 Page Fault at Address 0x98b5000 at Time 772681765
 470:: PID =     2197 Page Fault at Address 0x98b6000 at Time 772681765
 471:: PID =     2197 Page Fault at Address 0x3d24540 at Time 568707593
 472:: PID =     2197 Page Fault at Address 0x3cd7390 at Time 592708372
 473:: PID =     2197 Page Fault at Address 0x99e0248 at Time 596708500
 474:: PID =     2197 Page Fault at Address 0x98b8000 at Time 596708500
 475:: PID =     2197 Page Fault at Address 0x98b9000 at Time 596708500
 476:: PID =     2197 Page Fault at Address 0x98ba000 at Time 596708500
 477:: PID =     2197 Page Fault at Address 0x98bb000 at Time 596708500
 478:: PID =     2197 Page Fault at Address 0x98bc000 at Time 596708500
 479:: PID =     2197 Page Fault at Address 0x98bd000 at Time 596708500
 480:: PID =     2197 Page Fault at Address 0x98be000 at Time 596708500
 481:: PID =     2197 Page Fault at Address 0x98bf000 at Time 596708500
 482:: PID =     2197 Page Fault at Address 0x98c0000 at Time 596708500
 483:: PID =     2197 Page Fault at Address 0x98c1000 at Time 596708500
 484:: PID =     2197 Page Fault at Address 0x98c2000 at Time 596708500
 485:: PID =     2197 Page Fault at Address 0x98c3000 at Time 596708500
 486:: PID =     2197 Page Fault at Address 0x98c4000 at Time 596708500
 487:: PID =     2197 Page Fault at Address 0x98c5000 at Time 596708500
 488:: PID =     2197 Page Fault at Address 0x98c6000 at Time 596708500
 489:: PID =     2197 Page Fault at Address 0x98c7000 at Time 596708500
 490:: PID =     2197 Page Fault at Address 0x98c8000 at Time 596708500
 491:: PID =     2197 Page Fault at Address 0x98c9000 at Time 596708500
 492:: PID =     2197 Page Fault at Address 0x98ca000 at Time 596708500
 493:: PID =     2197 Page Fault at Address 0x98cb000 at Time 596708500
 494:: PID =     2197 Page Fault at Address 0x98cc000 at Time 596708500
 495:: PID =     2197 Page Fault at Address 0x98cd000 at Time 596708500
 496:: PID =     2197 Page Fault at Address 0x98ce000 at Time 596708500
 497:: PID =     2197 Page Fault at Address 0x98cf000 at Time 596708500
 498:: PID =     2197 Page Fault at Address 0x98d0000 at Time 596708500
 499:: PID =     2197 Page Fault at Address 0x98d1000 at Time 596708500
Reading from the /proc/pf_probe_A Completed
